2025-01-23 14:52:50.248 | INFO     | utils.utils_logger:<module>:38 - Logging to file: logs\project_log.log
2025-01-23 14:52:50.250 | INFO     | __main__:main:103 - START producer.
2025-01-23 14:52:50.250 | INFO     | utils.utils_producer:get_zookeeper_address:57 - Zookeeper address: localhost:2181
2025-01-23 14:52:50.255 | INFO     | utils.utils_producer:check_zookeeper_service_is_ready:79 - Zookeeper is ready at localhost:2181.
2025-01-23 14:52:50.257 | INFO     | utils.utils_producer:get_kafka_broker_address:50 - Kafka broker address: localhost:9092
2025-01-23 14:52:50.680 | INFO     | utils.utils_producer:check_kafka_service_is_ready:98 - Kafka is ready. Brokers: {'throttle_time_ms': 0, 'brokers': [{'node_id': 1001, 'host': 'localhost', 'port': 9092, 'rack': None}], 'cluster_id': 'gEr9e0h-ST-5GM7AvvuAgQ', 'controller_id': 1001}
2025-01-23 14:52:50.681 | INFO     | __main__:get_kafka_topic:41 - Kafka topic: buzzline
2025-01-23 14:52:50.681 | INFO     | __main__:get_message_interval:48 - Message interval: 1 seconds
2025-01-23 14:52:50.682 | INFO     | utils.utils_producer:get_kafka_broker_address:50 - Kafka broker address: localhost:9092
2025-01-23 14:52:50.682 | INFO     | utils.utils_producer:create_kafka_producer:146 - Connecting to Kafka broker at localhost:9092...
2025-01-23 14:52:50.786 | INFO     | utils.utils_producer:create_kafka_producer:151 - Kafka producer successfully created.
2025-01-23 14:52:50.787 | INFO     | utils.utils_producer:get_kafka_broker_address:50 - Kafka broker address: localhost:9092
2025-01-23 14:52:51.104 | INFO     | utils.utils_producer:create_kafka_topic:176 - Creating 'buzzline'.
2025-01-23 14:52:51.421 | INFO     | utils.utils_producer:create_kafka_topic:181 - Topic 'buzzline' created successfully.
2025-01-23 14:52:51.421 | INFO     | __main__:main:119 - Kafka topic 'buzzline' is ready.
2025-01-23 14:52:51.422 | INFO     | __main__:main:125 - Starting message production to topic 'buzzline'...
2025-01-23 14:52:51.422 | INFO     | __main__:generate_messages:77 - Generated buzz: I love Python!
2025-01-23 14:52:51.492 | INFO     | __main__:generate_messages:79 - Sent message to topic 'buzzline': I love Python!
2025-01-23 14:52:52.494 | INFO     | __main__:generate_messages:77 - Generated buzz: Kafka is awesome.
2025-01-23 14:52:52.495 | INFO     | __main__:generate_messages:79 - Sent message to topic 'buzzline': Kafka is awesome.
2025-01-23 14:52:53.497 | INFO     | __main__:generate_messages:77 - Generated buzz: Streaming data is fun.
2025-01-23 14:52:53.498 | INFO     | __main__:generate_messages:79 - Sent message to topic 'buzzline': Streaming data is fun.
2025-01-23 14:52:54.499 | INFO     | __main__:generate_messages:77 - Generated buzz: This is a buzz message.
2025-01-23 14:52:54.501 | INFO     | __main__:generate_messages:79 - Sent message to topic 'buzzline': This is a buzz message.
2025-01-23 14:52:55.502 | INFO     | __main__:generate_messages:77 - Generated buzz: Have a great day!
2025-01-23 14:52:55.504 | INFO     | __main__:generate_messages:79 - Sent message to topic 'buzzline': Have a great day!
2025-01-23 14:52:56.505 | INFO     | __main__:generate_messages:77 - Generated buzz: I love Python!
2025-01-23 14:52:56.507 | INFO     | __main__:generate_messages:79 - Sent message to topic 'buzzline': I love Python!
2025-01-23 14:52:57.509 | INFO     | __main__:generate_messages:77 - Generated buzz: Kafka is awesome.
2025-01-23 14:52:57.510 | INFO     | __main__:generate_messages:79 - Sent message to topic 'buzzline': Kafka is awesome.
2025-01-23 14:52:58.512 | INFO     | __main__:generate_messages:77 - Generated buzz: Streaming data is fun.
2025-01-23 14:52:58.514 | INFO     | __main__:generate_messages:79 - Sent message to topic 'buzzline': Streaming data is fun.
2025-01-23 14:52:59.515 | INFO     | __main__:generate_messages:77 - Generated buzz: This is a buzz message.
2025-01-23 14:52:59.516 | INFO     | __main__:generate_messages:79 - Sent message to topic 'buzzline': This is a buzz message.
2025-01-23 14:53:00.518 | INFO     | __main__:generate_messages:77 - Generated buzz: Have a great day!
2025-01-23 14:53:00.521 | INFO     | __main__:generate_messages:79 - Sent message to topic 'buzzline': Have a great day!
2025-01-23 14:53:01.523 | INFO     | __main__:generate_messages:77 - Generated buzz: I love Python!
2025-01-23 14:53:01.525 | INFO     | __main__:generate_messages:79 - Sent message to topic 'buzzline': I love Python!
2025-01-23 14:53:02.528 | INFO     | __main__:generate_messages:77 - Generated buzz: Kafka is awesome.
2025-01-23 14:53:02.529 | INFO     | __main__:generate_messages:79 - Sent message to topic 'buzzline': Kafka is awesome.
2025-01-23 14:53:03.531 | INFO     | __main__:generate_messages:77 - Generated buzz: Streaming data is fun.
2025-01-23 14:53:03.531 | INFO     | __main__:generate_messages:79 - Sent message to topic 'buzzline': Streaming data is fun.
2025-01-23 14:53:04.533 | INFO     | __main__:generate_messages:77 - Generated buzz: This is a buzz message.
2025-01-23 14:53:04.535 | INFO     | __main__:generate_messages:79 - Sent message to topic 'buzzline': This is a buzz message.
2025-01-23 14:53:05.537 | INFO     | __main__:generate_messages:77 - Generated buzz: Have a great day!
2025-01-23 14:53:05.537 | INFO     | __main__:generate_messages:79 - Sent message to topic 'buzzline': Have a great day!
2025-01-23 14:53:06.539 | INFO     | __main__:generate_messages:77 - Generated buzz: I love Python!
2025-01-23 14:53:06.541 | INFO     | __main__:generate_messages:79 - Sent message to topic 'buzzline': I love Python!
2025-01-23 14:53:07.544 | INFO     | __main__:generate_messages:77 - Generated buzz: Kafka is awesome.
2025-01-23 14:53:07.546 | INFO     | __main__:generate_messages:79 - Sent message to topic 'buzzline': Kafka is awesome.
2025-01-23 14:53:08.549 | INFO     | __main__:generate_messages:77 - Generated buzz: Streaming data is fun.
2025-01-23 14:53:08.549 | INFO     | __main__:generate_messages:79 - Sent message to topic 'buzzline': Streaming data is fun.
2025-01-23 14:53:09.550 | INFO     | __main__:generate_messages:77 - Generated buzz: This is a buzz message.
2025-01-23 14:53:09.551 | INFO     | __main__:generate_messages:79 - Sent message to topic 'buzzline': This is a buzz message.
2025-01-23 14:53:10.552 | INFO     | __main__:generate_messages:77 - Generated buzz: Have a great day!
2025-01-23 14:53:10.553 | INFO     | __main__:generate_messages:79 - Sent message to topic 'buzzline': Have a great day!
2025-01-23 14:53:11.555 | INFO     | __main__:generate_messages:77 - Generated buzz: I love Python!
2025-01-23 14:53:11.555 | INFO     | __main__:generate_messages:79 - Sent message to topic 'buzzline': I love Python!
2025-01-23 14:53:12.558 | INFO     | __main__:generate_messages:77 - Generated buzz: Kafka is awesome.
2025-01-23 14:53:12.560 | INFO     | __main__:generate_messages:79 - Sent message to topic 'buzzline': Kafka is awesome.
2025-01-23 14:53:12.837 | INFO     | utils.utils_logger:<module>:38 - Logging to file: logs\project_log.log
2025-01-23 14:53:12.840 | INFO     | __main__:main:78 - START consumer.
2025-01-23 14:53:12.840 | INFO     | __main__:get_kafka_topic:35 - Kafka topic: buzzline
2025-01-23 14:53:12.840 | INFO     | __main__:get_kafka_consumer_group_id:42 - Kafka consumer group id: default_group
2025-01-23 14:53:12.840 | INFO     | __main__:main:83 - Consumer: Topic 'buzzline' and group 'default_group'...
2025-01-23 14:53:12.840 | INFO     | utils.utils_producer:get_kafka_broker_address:50 - Kafka broker address: localhost:9092
2025-01-23 14:53:12.840 | INFO     | utils.utils_consumer:create_kafka_consumer:44 - Creating Kafka consumer. Topic='buzzline' and group ID='default_group'.
2025-01-23 14:53:12.953 | INFO     | utils.utils_consumer:create_kafka_consumer:57 - Kafka consumer created successfully.
2025-01-23 14:53:12.953 | INFO     | __main__:main:89 - Polling messages from topic 'buzzline'...
2025-01-23 14:53:13.562 | INFO     | __main__:generate_messages:77 - Generated buzz: Streaming data is fun.
2025-01-23 14:53:13.562 | INFO     | __main__:generate_messages:79 - Sent message to topic 'buzzline': Streaming data is fun.
2025-01-23 14:53:14.563 | INFO     | __main__:generate_messages:77 - Generated buzz: This is a buzz message.
2025-01-23 14:53:14.565 | INFO     | __main__:generate_messages:79 - Sent message to topic 'buzzline': This is a buzz message.
2025-01-23 14:53:15.039 | INFO     | __main__:process_message:62 - Processing message: I love Python!
2025-01-23 14:53:15.039 | INFO     | __main__:process_message:62 - Processing message: Kafka is awesome.
2025-01-23 14:53:15.040 | INFO     | __main__:process_message:62 - Processing message: Streaming data is fun.
2025-01-23 14:53:15.040 | INFO     | __main__:process_message:62 - Processing message: This is a buzz message.
2025-01-23 14:53:15.041 | INFO     | __main__:process_message:62 - Processing message: Have a great day!
2025-01-23 14:53:15.042 | INFO     | __main__:process_message:62 - Processing message: I love Python!
2025-01-23 14:53:15.043 | INFO     | __main__:process_message:62 - Processing message: Kafka is awesome.
2025-01-23 14:53:15.043 | INFO     | __main__:process_message:62 - Processing message: Streaming data is fun.
2025-01-23 14:53:15.044 | INFO     | __main__:process_message:62 - Processing message: This is a buzz message.
2025-01-23 14:53:15.045 | INFO     | __main__:process_message:62 - Processing message: Have a great day!
2025-01-23 14:53:15.046 | INFO     | __main__:process_message:62 - Processing message: I love Python!
2025-01-23 14:53:15.047 | INFO     | __main__:process_message:62 - Processing message: Kafka is awesome.
2025-01-23 14:53:15.048 | INFO     | __main__:process_message:62 - Processing message: Streaming data is fun.
2025-01-23 14:53:15.048 | INFO     | __main__:process_message:62 - Processing message: This is a buzz message.
2025-01-23 14:53:15.050 | INFO     | __main__:process_message:62 - Processing message: Have a great day!
2025-01-23 14:53:15.050 | INFO     | __main__:process_message:62 - Processing message: I love Python!
2025-01-23 14:53:15.051 | INFO     | __main__:process_message:62 - Processing message: Kafka is awesome.
2025-01-23 14:53:15.051 | INFO     | __main__:process_message:62 - Processing message: Streaming data is fun.
2025-01-23 14:53:15.052 | INFO     | __main__:process_message:62 - Processing message: This is a buzz message.
2025-01-23 14:53:15.053 | INFO     | __main__:process_message:62 - Processing message: Have a great day!
2025-01-23 14:53:15.053 | INFO     | __main__:process_message:62 - Processing message: I love Python!
2025-01-23 14:53:15.054 | INFO     | __main__:process_message:62 - Processing message: Kafka is awesome.
2025-01-23 14:53:15.054 | INFO     | __main__:process_message:62 - Processing message: Streaming data is fun.
2025-01-23 14:53:15.055 | INFO     | __main__:process_message:62 - Processing message: This is a buzz message.
2025-01-23 14:53:15.566 | INFO     | __main__:generate_messages:77 - Generated buzz: Have a great day!
2025-01-23 14:53:15.567 | INFO     | __main__:generate_messages:79 - Sent message to topic 'buzzline': Have a great day!
2025-01-23 14:53:15.571 | INFO     | __main__:process_message:62 - Processing message: Have a great day!
2025-01-23 14:53:16.568 | INFO     | __main__:generate_messages:77 - Generated buzz: I love Python!
2025-01-23 14:53:16.569 | INFO     | __main__:generate_messages:79 - Sent message to topic 'buzzline': I love Python!
2025-01-23 14:53:16.574 | INFO     | __main__:process_message:62 - Processing message: I love Python!
2025-01-23 14:53:17.571 | INFO     | __main__:generate_messages:77 - Generated buzz: Kafka is awesome.
2025-01-23 14:53:17.572 | INFO     | __main__:generate_messages:79 - Sent message to topic 'buzzline': Kafka is awesome.
2025-01-23 14:53:17.576 | INFO     | __main__:process_message:62 - Processing message: Kafka is awesome.
2025-01-23 14:53:18.573 | INFO     | __main__:generate_messages:77 - Generated buzz: Streaming data is fun.
2025-01-23 14:53:18.574 | INFO     | __main__:generate_messages:79 - Sent message to topic 'buzzline': Streaming data is fun.
2025-01-23 14:53:18.580 | INFO     | __main__:process_message:62 - Processing message: Streaming data is fun.
2025-01-23 14:53:19.576 | INFO     | __main__:generate_messages:77 - Generated buzz: This is a buzz message.
2025-01-23 14:53:19.577 | INFO     | __main__:generate_messages:79 - Sent message to topic 'buzzline': This is a buzz message.
2025-01-23 14:53:19.583 | INFO     | __main__:process_message:62 - Processing message: This is a buzz message.
2025-01-23 14:53:20.579 | INFO     | __main__:generate_messages:77 - Generated buzz: Have a great day!
2025-01-23 14:53:20.580 | INFO     | __main__:generate_messages:79 - Sent message to topic 'buzzline': Have a great day!
2025-01-23 14:53:20.583 | INFO     | __main__:process_message:62 - Processing message: Have a great day!
2025-01-23 14:53:21.582 | INFO     | __main__:generate_messages:77 - Generated buzz: I love Python!
2025-01-23 14:53:21.582 | INFO     | __main__:generate_messages:79 - Sent message to topic 'buzzline': I love Python!
2025-01-23 14:53:21.588 | INFO     | __main__:process_message:62 - Processing message: I love Python!
2025-01-23 14:53:22.584 | INFO     | __main__:generate_messages:77 - Generated buzz: Kafka is awesome.
2025-01-23 14:53:22.585 | INFO     | __main__:generate_messages:79 - Sent message to topic 'buzzline': Kafka is awesome.
2025-01-23 14:53:22.591 | INFO     | __main__:process_message:62 - Processing message: Kafka is awesome.
2025-01-23 14:53:23.587 | INFO     | __main__:generate_messages:77 - Generated buzz: Streaming data is fun.
2025-01-23 14:53:23.589 | INFO     | __main__:generate_messages:79 - Sent message to topic 'buzzline': Streaming data is fun.
2025-01-23 14:53:23.595 | INFO     | __main__:process_message:62 - Processing message: Streaming data is fun.
2025-01-23 14:53:24.591 | INFO     | __main__:generate_messages:77 - Generated buzz: This is a buzz message.
2025-01-23 14:53:24.592 | INFO     | __main__:generate_messages:79 - Sent message to topic 'buzzline': This is a buzz message.
2025-01-23 14:53:24.598 | INFO     | __main__:process_message:62 - Processing message: This is a buzz message.
2025-01-23 14:53:25.594 | INFO     | __main__:generate_messages:77 - Generated buzz: Have a great day!
2025-01-23 14:53:25.596 | INFO     | __main__:generate_messages:79 - Sent message to topic 'buzzline': Have a great day!
2025-01-23 14:53:25.603 | INFO     | __main__:process_message:62 - Processing message: Have a great day!
2025-01-23 14:53:26.600 | INFO     | __main__:generate_messages:77 - Generated buzz: I love Python!
2025-01-23 14:53:26.601 | INFO     | __main__:generate_messages:79 - Sent message to topic 'buzzline': I love Python!
2025-01-23 14:53:26.604 | INFO     | __main__:process_message:62 - Processing message: I love Python!
2025-01-23 14:53:27.602 | INFO     | __main__:generate_messages:77 - Generated buzz: Kafka is awesome.
2025-01-23 14:53:27.604 | INFO     | __main__:generate_messages:79 - Sent message to topic 'buzzline': Kafka is awesome.
2025-01-23 14:53:27.611 | INFO     | __main__:process_message:62 - Processing message: Kafka is awesome.
2025-01-23 14:53:28.606 | INFO     | __main__:generate_messages:77 - Generated buzz: Streaming data is fun.
2025-01-23 14:53:28.607 | INFO     | __main__:generate_messages:79 - Sent message to topic 'buzzline': Streaming data is fun.
2025-01-23 14:53:28.611 | INFO     | __main__:process_message:62 - Processing message: Streaming data is fun.
2025-01-23 14:53:29.609 | INFO     | __main__:generate_messages:77 - Generated buzz: This is a buzz message.
2025-01-23 14:53:29.611 | INFO     | __main__:generate_messages:79 - Sent message to topic 'buzzline': This is a buzz message.
2025-01-23 14:53:29.615 | INFO     | __main__:process_message:62 - Processing message: This is a buzz message.
2025-01-23 14:53:30.613 | INFO     | __main__:generate_messages:77 - Generated buzz: Have a great day!
2025-01-23 14:53:30.615 | INFO     | __main__:generate_messages:79 - Sent message to topic 'buzzline': Have a great day!
2025-01-23 14:53:30.622 | INFO     | __main__:process_message:62 - Processing message: Have a great day!
2025-01-23 14:53:31.617 | INFO     | __main__:generate_messages:77 - Generated buzz: I love Python!
2025-01-23 14:53:31.619 | INFO     | __main__:generate_messages:79 - Sent message to topic 'buzzline': I love Python!
2025-01-23 14:53:31.624 | INFO     | __main__:process_message:62 - Processing message: I love Python!
2025-01-23 14:53:32.620 | INFO     | __main__:generate_messages:77 - Generated buzz: Kafka is awesome.
2025-01-23 14:53:32.622 | INFO     | __main__:generate_messages:79 - Sent message to topic 'buzzline': Kafka is awesome.
2025-01-23 14:53:32.631 | INFO     | __main__:process_message:62 - Processing message: Kafka is awesome.
2025-01-23 14:53:33.624 | INFO     | __main__:generate_messages:77 - Generated buzz: Streaming data is fun.
2025-01-23 14:53:33.625 | INFO     | __main__:generate_messages:79 - Sent message to topic 'buzzline': Streaming data is fun.
2025-01-23 14:53:33.633 | INFO     | __main__:process_message:62 - Processing message: Streaming data is fun.
2025-01-23 14:53:34.630 | INFO     | __main__:generate_messages:77 - Generated buzz: This is a buzz message.
2025-01-23 14:53:34.632 | INFO     | __main__:generate_messages:79 - Sent message to topic 'buzzline': This is a buzz message.
2025-01-23 14:53:34.636 | INFO     | __main__:process_message:62 - Processing message: This is a buzz message.
2025-01-23 14:53:35.632 | INFO     | __main__:generate_messages:77 - Generated buzz: Have a great day!
2025-01-23 14:53:35.633 | INFO     | __main__:generate_messages:79 - Sent message to topic 'buzzline': Have a great day!
2025-01-23 14:53:35.640 | INFO     | __main__:process_message:62 - Processing message: Have a great day!
2025-01-23 14:53:36.635 | INFO     | __main__:generate_messages:77 - Generated buzz: I love Python!
2025-01-23 14:53:36.636 | INFO     | __main__:generate_messages:79 - Sent message to topic 'buzzline': I love Python!
2025-01-23 14:53:36.641 | INFO     | __main__:process_message:62 - Processing message: I love Python!
2025-01-23 14:53:37.638 | INFO     | __main__:generate_messages:77 - Generated buzz: Kafka is awesome.
2025-01-23 14:53:37.639 | INFO     | __main__:generate_messages:79 - Sent message to topic 'buzzline': Kafka is awesome.
2025-01-23 14:53:37.643 | INFO     | __main__:process_message:62 - Processing message: Kafka is awesome.
2025-01-23 14:53:38.640 | INFO     | __main__:generate_messages:77 - Generated buzz: Streaming data is fun.
2025-01-23 14:53:38.642 | INFO     | __main__:generate_messages:79 - Sent message to topic 'buzzline': Streaming data is fun.
2025-01-23 14:53:38.651 | INFO     | __main__:process_message:62 - Processing message: Streaming data is fun.
2025-01-23 14:53:39.645 | INFO     | __main__:generate_messages:77 - Generated buzz: This is a buzz message.
2025-01-23 14:53:39.646 | INFO     | __main__:generate_messages:79 - Sent message to topic 'buzzline': This is a buzz message.
2025-01-23 14:53:39.659 | INFO     | __main__:process_message:62 - Processing message: This is a buzz message.
2025-01-23 14:53:40.648 | INFO     | __main__:generate_messages:77 - Generated buzz: Have a great day!
2025-01-23 14:53:40.649 | INFO     | __main__:generate_messages:79 - Sent message to topic 'buzzline': Have a great day!
2025-01-23 14:53:40.655 | INFO     | __main__:process_message:62 - Processing message: Have a great day!
2025-01-23 14:53:41.651 | INFO     | __main__:generate_messages:77 - Generated buzz: I love Python!
2025-01-23 14:53:41.652 | INFO     | __main__:generate_messages:79 - Sent message to topic 'buzzline': I love Python!
2025-01-23 14:53:41.656 | INFO     | __main__:process_message:62 - Processing message: I love Python!
2025-01-23 14:53:42.653 | INFO     | __main__:generate_messages:77 - Generated buzz: Kafka is awesome.
2025-01-23 14:53:42.655 | INFO     | __main__:generate_messages:79 - Sent message to topic 'buzzline': Kafka is awesome.
2025-01-23 14:53:42.660 | INFO     | __main__:process_message:62 - Processing message: Kafka is awesome.
2025-01-23 14:53:43.657 | INFO     | __main__:generate_messages:77 - Generated buzz: Streaming data is fun.
2025-01-23 14:53:43.659 | INFO     | __main__:generate_messages:79 - Sent message to topic 'buzzline': Streaming data is fun.
2025-01-23 14:53:43.663 | INFO     | __main__:process_message:62 - Processing message: Streaming data is fun.
2025-01-23 14:53:44.660 | INFO     | __main__:generate_messages:77 - Generated buzz: This is a buzz message.
2025-01-23 14:53:44.662 | INFO     | __main__:generate_messages:79 - Sent message to topic 'buzzline': This is a buzz message.
2025-01-23 14:53:44.665 | INFO     | __main__:process_message:62 - Processing message: This is a buzz message.
2025-01-23 14:53:45.663 | INFO     | __main__:generate_messages:77 - Generated buzz: Have a great day!
2025-01-23 14:53:45.665 | INFO     | __main__:generate_messages:79 - Sent message to topic 'buzzline': Have a great day!
2025-01-23 14:53:45.672 | INFO     | __main__:process_message:62 - Processing message: Have a great day!
2025-01-23 14:53:46.667 | INFO     | __main__:generate_messages:77 - Generated buzz: I love Python!
2025-01-23 14:53:46.668 | INFO     | __main__:generate_messages:79 - Sent message to topic 'buzzline': I love Python!
2025-01-23 14:53:46.672 | INFO     | __main__:process_message:62 - Processing message: I love Python!
2025-01-23 14:53:47.669 | INFO     | __main__:generate_messages:77 - Generated buzz: Kafka is awesome.
2025-01-23 14:53:47.672 | INFO     | __main__:generate_messages:79 - Sent message to topic 'buzzline': Kafka is awesome.
2025-01-23 14:53:47.679 | INFO     | __main__:process_message:62 - Processing message: Kafka is awesome.
2025-01-23 14:53:48.674 | INFO     | __main__:generate_messages:77 - Generated buzz: Streaming data is fun.
2025-01-23 14:53:48.675 | INFO     | __main__:generate_messages:79 - Sent message to topic 'buzzline': Streaming data is fun.
2025-01-23 14:53:48.685 | INFO     | __main__:process_message:62 - Processing message: Streaming data is fun.
2025-01-23 14:53:49.677 | INFO     | __main__:generate_messages:77 - Generated buzz: This is a buzz message.
2025-01-23 14:53:49.678 | INFO     | __main__:generate_messages:79 - Sent message to topic 'buzzline': This is a buzz message.
2025-01-23 14:53:49.683 | INFO     | __main__:process_message:62 - Processing message: This is a buzz message.
2025-01-23 14:53:50.679 | INFO     | __main__:generate_messages:77 - Generated buzz: Have a great day!
2025-01-23 14:53:50.681 | INFO     | __main__:generate_messages:79 - Sent message to topic 'buzzline': Have a great day!
2025-01-23 14:53:50.691 | INFO     | __main__:process_message:62 - Processing message: Have a great day!
2025-01-23 14:53:51.683 | INFO     | __main__:generate_messages:77 - Generated buzz: I love Python!
2025-01-23 14:53:51.685 | INFO     | __main__:generate_messages:79 - Sent message to topic 'buzzline': I love Python!
2025-01-23 14:53:51.689 | INFO     | __main__:process_message:62 - Processing message: I love Python!
2025-01-23 14:53:52.686 | INFO     | __main__:generate_messages:77 - Generated buzz: Kafka is awesome.
2025-01-23 14:53:52.687 | INFO     | __main__:generate_messages:79 - Sent message to topic 'buzzline': Kafka is awesome.
2025-01-23 14:53:52.693 | INFO     | __main__:process_message:62 - Processing message: Kafka is awesome.
2025-01-23 14:53:53.689 | INFO     | __main__:generate_messages:77 - Generated buzz: Streaming data is fun.
2025-01-23 14:53:53.690 | INFO     | __main__:generate_messages:79 - Sent message to topic 'buzzline': Streaming data is fun.
2025-01-23 14:53:53.696 | INFO     | __main__:process_message:62 - Processing message: Streaming data is fun.
2025-01-23 14:53:54.692 | INFO     | __main__:generate_messages:77 - Generated buzz: This is a buzz message.
2025-01-23 14:53:54.692 | INFO     | __main__:generate_messages:79 - Sent message to topic 'buzzline': This is a buzz message.
2025-01-23 14:53:54.697 | INFO     | __main__:process_message:62 - Processing message: This is a buzz message.
2025-01-23 14:53:55.694 | INFO     | __main__:generate_messages:77 - Generated buzz: Have a great day!
2025-01-23 14:53:55.697 | INFO     | __main__:generate_messages:79 - Sent message to topic 'buzzline': Have a great day!
2025-01-23 14:53:55.704 | INFO     | __main__:process_message:62 - Processing message: Have a great day!
2025-01-23 14:53:56.700 | INFO     | __main__:generate_messages:77 - Generated buzz: I love Python!
2025-01-23 14:53:56.701 | INFO     | __main__:generate_messages:79 - Sent message to topic 'buzzline': I love Python!
2025-01-23 14:53:56.708 | INFO     | __main__:process_message:62 - Processing message: I love Python!
2025-01-23 14:53:57.702 | INFO     | __main__:generate_messages:77 - Generated buzz: Kafka is awesome.
2025-01-23 14:53:57.702 | INFO     | __main__:generate_messages:79 - Sent message to topic 'buzzline': Kafka is awesome.
2025-01-23 14:53:57.707 | INFO     | __main__:process_message:62 - Processing message: Kafka is awesome.
2025-01-23 14:53:58.704 | INFO     | __main__:generate_messages:77 - Generated buzz: Streaming data is fun.
2025-01-23 14:53:58.705 | INFO     | __main__:generate_messages:79 - Sent message to topic 'buzzline': Streaming data is fun.
2025-01-23 14:53:58.708 | INFO     | __main__:process_message:62 - Processing message: Streaming data is fun.
2025-01-23 14:53:59.706 | INFO     | __main__:generate_messages:77 - Generated buzz: This is a buzz message.
2025-01-23 14:53:59.707 | INFO     | __main__:generate_messages:79 - Sent message to topic 'buzzline': This is a buzz message.
2025-01-23 14:53:59.710 | INFO     | __main__:process_message:62 - Processing message: This is a buzz message.
2025-01-23 14:54:00.708 | INFO     | __main__:generate_messages:77 - Generated buzz: Have a great day!
2025-01-23 14:54:00.709 | INFO     | __main__:generate_messages:79 - Sent message to topic 'buzzline': Have a great day!
2025-01-23 14:54:00.713 | INFO     | __main__:process_message:62 - Processing message: Have a great day!
2025-01-23 14:54:01.710 | INFO     | __main__:generate_messages:77 - Generated buzz: I love Python!
2025-01-23 14:54:01.711 | INFO     | __main__:generate_messages:79 - Sent message to topic 'buzzline': I love Python!
2025-01-23 14:54:01.716 | INFO     | __main__:process_message:62 - Processing message: I love Python!
